<?xml version="1.0" encoding="UTF-8"?>
<testsuite xmlns:xsi="http://www.w3.org/2001/XMLSchema-instance" xsi:noNamespaceSchemaLocation="https://maven.apache.org/surefire/maven-surefire-plugin/xsd/surefire-test-report-3.0.xsd" version="3.0" name="com.udacity.catpoint.security.service.SecurityServiceTest" time="0.673" tests="13" errors="0" skipped="0" failures="0">
  <properties>
    <property name="java.specification.version" value="17"/>
    <property name="sun.jnu.encoding" value="UTF-8"/>
    <property name="java.class.path" value="/Users/chientd2.jits/Downloads/cd0384-java-application-deployment-projectstarter-master/starter/catpoint-parent/SecurityService/target/test-classes:/Users/chientd2.jits/.m2/repository/com/google/guava/failureaccess/1.0.1/failureaccess-1.0.1.jar:/Users/chientd2.jits/.m2/repository/com/google/guava/listenablefuture/9999.0-empty-to-avoid-conflict-with-guava/listenablefuture-9999.0-empty-to-avoid-conflict-with-guava.jar:/Users/chientd2.jits/.m2/repository/com/google/code/findbugs/jsr305/3.0.2/jsr305-3.0.2.jar:/Users/chientd2.jits/.m2/repository/org/checkerframework/checker-qual/3.12.0/checker-qual-3.12.0.jar:/Users/chientd2.jits/.m2/repository/com/google/errorprone/error_prone_annotations/2.11.0/error_prone_annotations-2.11.0.jar:/Users/chientd2.jits/.m2/repository/com/google/j2objc/j2objc-annotations/1.3/j2objc-annotations-1.3.jar:/Users/chientd2.jits/.m2/repository/org/junit/jupiter/junit-jupiter-engine/5.9.2/junit-jupiter-engine-5.9.2.jar:/Users/chientd2.jits/.m2/repository/org/junit/platform/junit-platform-engine/1.9.2/junit-platform-engine-1.9.2.jar:/Users/chientd2.jits/.m2/repository/org/apiguardian/apiguardian-api/1.1.2/apiguardian-api-1.1.2.jar:/Users/chientd2.jits/.m2/repository/software/amazon/awssdk/aws-json-protocol/2.20.69/aws-json-protocol-2.20.69.jar:/Users/chientd2.jits/.m2/repository/software/amazon/awssdk/third-party-jackson-core/2.20.69/third-party-jackson-core-2.20.69.jar:/Users/chientd2.jits/.m2/repository/software/amazon/awssdk/protocol-core/2.20.69/protocol-core-2.20.69.jar:/Users/chientd2.jits/.m2/repository/org/reactivestreams/reactive-streams/1.0.3/reactive-streams-1.0.3.jar:/Users/chientd2.jits/.m2/repository/software/amazon/awssdk/http-client-spi/2.20.69/http-client-spi-2.20.69.jar:/Users/chientd2.jits/.m2/repository/software/amazon/awssdk/annotations/2.20.69/annotations-2.20.69.jar:/Users/chientd2.jits/.m2/repository/software/amazon/awssdk/utils/2.20.69/utils-2.20.69.jar:/Users/chientd2.jits/.m2/repository/software/amazon/awssdk/aws-core/2.20.69/aws-core-2.20.69.jar:/Users/chientd2.jits/.m2/repository/software/amazon/awssdk/metrics-spi/2.20.69/metrics-spi-2.20.69.jar:/Users/chientd2.jits/.m2/repository/software/amazon/awssdk/json-utils/2.20.69/json-utils-2.20.69.jar:/Users/chientd2.jits/.m2/repository/software/amazon/awssdk/endpoints-spi/2.20.69/endpoints-spi-2.20.69.jar:/Users/chientd2.jits/.m2/repository/software/amazon/awssdk/apache-client/2.20.69/apache-client-2.20.69.jar:/Users/chientd2.jits/.m2/repository/software/amazon/awssdk/netty-nio-client/2.20.69/netty-nio-client-2.20.69.jar:/Users/chientd2.jits/.m2/repository/io/netty/netty-codec-http/4.1.86.Final/netty-codec-http-4.1.86.Final.jar:/Users/chientd2.jits/.m2/repository/io/netty/netty-codec-http2/4.1.86.Final/netty-codec-http2-4.1.86.Final.jar:/Users/chientd2.jits/.m2/repository/io/netty/netty-codec/4.1.86.Final/netty-codec-4.1.86.Final.jar:/Users/chientd2.jits/.m2/repository/io/netty/netty-transport/4.1.86.Final/netty-transport-4.1.86.Final.jar:/Users/chientd2.jits/.m2/repository/io/netty/netty-resolver/4.1.86.Final/netty-resolver-4.1.86.Final.jar:/Users/chientd2.jits/.m2/repository/io/netty/netty-common/4.1.86.Final/netty-common-4.1.86.Final.jar:/Users/chientd2.jits/.m2/repository/io/netty/netty-buffer/4.1.86.Final/netty-buffer-4.1.86.Final.jar:/Users/chientd2.jits/.m2/repository/io/netty/netty-handler/4.1.86.Final/netty-handler-4.1.86.Final.jar:/Users/chientd2.jits/.m2/repository/io/netty/netty-transport-native-unix-common/4.1.86.Final/netty-transport-native-unix-common-4.1.86.Final.jar:/Users/chientd2.jits/.m2/repository/io/netty/netty-transport-classes-epoll/4.1.86.Final/netty-transport-classes-epoll-4.1.86.Final.jar:/Users/chientd2.jits/.m2/repository/software/amazon/awssdk/profiles/2.20.69/profiles-2.20.69.jar:/Users/chientd2.jits/.m2/repository/software/amazon/eventstream/eventstream/1.0.1/eventstream-1.0.1.jar:/Users/chientd2.jits/.m2/repository/org/junit/jupiter/junit-jupiter-api/5.9.2/junit-jupiter-api-5.9.2.jar:/Users/chientd2.jits/.m2/repository/org/opentest4j/opentest4j/1.2.0/opentest4j-1.2.0.jar:/Users/chientd2.jits/.m2/repository/org/junit/platform/junit-platform-commons/1.9.2/junit-platform-commons-1.9.2.jar:/Users/chientd2.jits/.m2/repository/org/junit/jupiter/junit-jupiter-params/5.9.2/junit-jupiter-params-5.9.2.jar:/Users/chientd2.jits/.m2/repository/org/mockito/mockito-junit-jupiter/5.2.0/mockito-junit-jupiter-5.2.0.jar:/Users/chientd2.jits/.m2/repository/org/mockito/mockito-core/5.2.0/mockito-core-5.2.0.jar:/Users/chientd2.jits/.m2/repository/net/bytebuddy/byte-buddy/1.14.1/byte-buddy-1.14.1.jar:/Users/chientd2.jits/.m2/repository/net/bytebuddy/byte-buddy-agent/1.14.1/byte-buddy-agent-1.14.1.jar:/Users/chientd2.jits/.m2/repository/org/objenesis/objenesis/3.3/objenesis-3.3.jar:/Users/chientd2.jits/.m2/repository/com/github/spotbugs/spotbugs-maven-plugin/4.7.3.5/spotbugs-maven-plugin-4.7.3.5.jar:/Users/chientd2.jits/.m2/repository/com/github/spotbugs/spotbugs/4.7.3/spotbugs-4.7.3.jar:/Users/chientd2.jits/.m2/repository/net/jcip/jcip-annotations/1.0/jcip-annotations-1.0.jar:/Users/chientd2.jits/.m2/repository/org/dom4j/dom4j/2.1.3/dom4j-2.1.3.jar:/Users/chientd2.jits/.m2/repository/org/apache/commons/commons-text/1.10.0/commons-text-1.10.0.jar:/Users/chientd2.jits/.m2/repository/com/github/spotbugs/spotbugs-annotations/4.7.3/spotbugs-annotations-4.7.3.jar:/Users/chientd2.jits/.m2/repository/net/sf/saxon/Saxon-HE/11.4/Saxon-HE-11.4.jar:/Users/chientd2.jits/.m2/repository/org/xmlresolver/xmlresolver/4.4.3/xmlresolver-4.4.3.jar:/Users/chientd2.jits/.m2/repository/org/apache/httpcomponents/client5/httpclient5/5.1.3/httpclient5-5.1.3.jar:/Users/chientd2.jits/.m2/repository/org/apache/httpcomponents/core5/httpcore5-h2/5.1.3/httpcore5-h2-5.1.3.jar:/Users/chientd2.jits/.m2/repository/org/apache/httpcomponents/core5/httpcore5/5.1.3/httpcore5-5.1.3.jar:/Users/chientd2.jits/.m2/repository/xml-apis/xml-apis/1.4.01/xml-apis-1.4.01.jar:/Users/chientd2.jits/.m2/repository/org/xmlresolver/xmlresolver/4.4.3/xmlresolver-4.4.3-data.jar:/Users/chientd2.jits/.m2/repository/org/apache/logging/log4j/log4j-core/2.19.0/log4j-core-2.19.0.jar:/Users/chientd2.jits/.m2/repository/org/apache/logging/log4j/log4j-api/2.19.0/log4j-api-2.19.0.jar:/Users/chientd2.jits/.m2/repository/org/slf4j/jcl-over-slf4j/2.0.7/jcl-over-slf4j-2.0.7.jar:/Users/chientd2.jits/.m2/repository/org/slf4j/slf4j-simple/2.0.7/slf4j-simple-2.0.7.jar:/Users/chientd2.jits/.m2/repository/org/ow2/asm/asm/9.5/asm-9.5.jar:/Users/chientd2.jits/.m2/repository/org/ow2/asm/asm-analysis/9.5/asm-analysis-9.5.jar:/Users/chientd2.jits/.m2/repository/org/ow2/asm/asm-commons/9.5/asm-commons-9.5.jar:/Users/chientd2.jits/.m2/repository/org/ow2/asm/asm-tree/9.5/asm-tree-9.5.jar:/Users/chientd2.jits/.m2/repository/org/ow2/asm/asm-util/9.5/asm-util-9.5.jar:/Users/chientd2.jits/.m2/repository/org/apache/bcel/bcel/6.6.1/bcel-6.6.1.jar:/Users/chientd2.jits/.m2/repository/org/apache/ant/ant/1.10.13/ant-1.10.13.jar:/Users/chientd2.jits/.m2/repository/org/apache/ant/ant-launcher/1.10.13/ant-launcher-1.10.13.jar:/Users/chientd2.jits/.m2/repository/org/apache/groovy/groovy/4.0.12/groovy-4.0.12.jar:/Users/chientd2.jits/.m2/repository/org/apache/groovy/groovy-ant/4.0.12/groovy-ant-4.0.12.jar:/Users/chientd2.jits/.m2/repository/org/apache/groovy/groovy-groovydoc/4.0.12/groovy-groovydoc-4.0.12.jar:/Users/chientd2.jits/.m2/repository/org/apache/groovy/groovy-dateutil/4.0.12/groovy-dateutil-4.0.12.jar:/Users/chientd2.jits/.m2/repository/org/apache/groovy/groovy-docgenerator/4.0.12/groovy-docgenerator-4.0.12.jar:/Users/chientd2.jits/.m2/repository/com/thoughtworks/qdox/qdox/1.12.1/qdox-1.12.1.jar:/Users/chientd2.jits/.m2/repository/org/apache/groovy/groovy-json/4.0.12/groovy-json-4.0.12.jar:/Users/chientd2.jits/.m2/repository/org/apache/groovy/groovy-templates/4.0.12/groovy-templates-4.0.12.jar:/Users/chientd2.jits/.m2/repository/org/apache/groovy/groovy-xml/4.0.12/groovy-xml-4.0.12.jar:/Users/chientd2.jits/.m2/repository/com/github/javaparser/javaparser-core/3.25.3/javaparser-core-3.25.3.jar:/Users/chientd2.jits/.m2/repository/jaxen/jaxen/2.0.0/jaxen-2.0.0.jar:/Users/chientd2.jits/.m2/repository/org/apache/maven/reporting/maven-reporting-impl/3.2.0/maven-reporting-impl-3.2.0.jar:/Users/chientd2.jits/.m2/repository/org/apache/maven/maven-core/3.1.0/maven-core-3.1.0.jar:/Users/chientd2.jits/.m2/repository/org/apache/maven/maven-settings/3.1.0/maven-settings-3.1.0.jar:/Users/chientd2.jits/.m2/repository/org/apache/maven/maven-settings-builder/3.1.0/maven-settings-builder-3.1.0.jar:/Users/chientd2.jits/.m2/repository/org/apache/maven/maven-repository-metadata/3.1.0/maven-repository-metadata-3.1.0.jar:/Users/chientd2.jits/.m2/repository/org/apache/maven/maven-model-builder/3.1.0/maven-model-builder-3.1.0.jar:/Users/chientd2.jits/.m2/repository/org/apache/maven/maven-aether-provider/3.1.0/maven-aether-provider-3.1.0.jar:/Users/chientd2.jits/.m2/repository/org/eclipse/aether/aether-spi/0.9.0.M2/aether-spi-0.9.0.M2.jar:/Users/chientd2.jits/.m2/repository/org/eclipse/aether/aether-impl/0.9.0.M2/aether-impl-0.9.0.M2.jar:/Users/chientd2.jits/.m2/repository/org/eclipse/aether/aether-api/0.9.0.M2/aether-api-0.9.0.M2.jar:/Users/chientd2.jits/.m2/repository/org/eclipse/aether/aether-util/0.9.0.M2/aether-util-0.9.0.M2.jar:/Users/chientd2.jits/.m2/repository/org/eclipse/sisu/org.eclipse.sisu.plexus/0.0.0.M2a/org.eclipse.sisu.plexus-0.0.0.M2a.jar:/Users/chientd2.jits/.m2/repository/javax/enterprise/cdi-api/1.0/cdi-api-1.0.jar:/Users/chientd2.jits/.m2/repository/javax/annotation/jsr250-api/1.0/jsr250-api-1.0.jar:/Users/chientd2.jits/.m2/repository/org/sonatype/sisu/sisu-guice/3.1.0/sisu-guice-3.1.0-no_aop.jar:/Users/chientd2.jits/.m2/repository/aopalliance/aopalliance/1.0/aopalliance-1.0.jar:/Users/chientd2.jits/.m2/repository/org/eclipse/sisu/org.eclipse.sisu.inject/0.0.0.M2a/org.eclipse.sisu.inject-0.0.0.M2a.jar:/Users/chientd2.jits/.m2/repository/asm/asm/3.3.1/asm-3.3.1.jar:/Users/chientd2.jits/.m2/repository/org/codehaus/plexus/plexus-classworlds/2.4.2/plexus-classworlds-2.4.2.jar:/Users/chientd2.jits/.m2/repository/org/sonatype/plexus/plexus-sec-dispatcher/1.3/plexus-sec-dispatcher-1.3.jar:/Users/chientd2.jits/.m2/repository/org/sonatype/plexus/plexus-cipher/1.4/plexus-cipher-1.4.jar:/Users/chientd2.jits/.m2/repository/org/apache/maven/maven-artifact/3.1.0/maven-artifact-3.1.0.jar:/Users/chientd2.jits/.m2/repository/org/apache/maven/maven-plugin-api/3.1.0/maven-plugin-api-3.1.0.jar:/Users/chientd2.jits/.m2/repository/org/apache/maven/reporting/maven-reporting-api/3.1.1/maven-reporting-api-3.1.1.jar:/Users/chientd2.jits/.m2/repository/org/apache/maven/shared/maven-artifact-transfer/0.13.1/maven-artifact-transfer-0.13.1.jar:/Users/chientd2.jits/.m2/repository/org/codehaus/plexus/plexus-component-annotations/2.0.0/plexus-component-annotations-2.0.0.jar:/Users/chientd2.jits/.m2/repository/org/apache/maven/shared/maven-common-artifact-filters/3.3.2/maven-common-artifact-filters-3.3.2.jar:/Users/chientd2.jits/.m2/repository/org/apache/maven/shared/maven-shared-utils/3.4.2/maven-shared-utils-3.4.2.jar:/Users/chientd2.jits/.m2/repository/org/apache/maven/doxia/doxia-core/1.12.0/doxia-core-1.12.0.jar:/Users/chientd2.jits/.m2/repository/org/apache/maven/doxia/doxia-logging-api/1.12.0/doxia-logging-api-1.12.0.jar:/Users/chientd2.jits/.m2/repository/org/apache/httpcomponents/httpclient/4.5.13/httpclient-4.5.13.jar:/Users/chientd2.jits/.m2/repository/org/apache/httpcomponents/httpcore/4.4.14/httpcore-4.4.14.jar:/Users/chientd2.jits/.m2/repository/org/apache/maven/doxia/doxia-sink-api/1.12.0/doxia-sink-api-1.12.0.jar:/Users/chientd2.jits/.m2/repository/org/apache/maven/doxia/doxia-decoration-model/1.11.1/doxia-decoration-model-1.11.1.jar:/Users/chientd2.jits/.m2/repository/org/apache/maven/doxia/doxia-site-renderer/1.11.1/doxia-site-renderer-1.11.1.jar:/Users/chientd2.jits/.m2/repository/org/apache/maven/doxia/doxia-skin-model/1.11.1/doxia-skin-model-1.11.1.jar:/Users/chientd2.jits/.m2/repository/org/apache/maven/doxia/doxia-module-xhtml/1.11.1/doxia-module-xhtml-1.11.1.jar:/Users/chientd2.jits/.m2/repository/org/apache/maven/doxia/doxia-module-xhtml5/1.11.1/doxia-module-xhtml5-1.11.1.jar:/Users/chientd2.jits/.m2/repository/org/codehaus/plexus/plexus-i18n/1.0-beta-10/plexus-i18n-1.0-beta-10.jar:/Users/chientd2.jits/.m2/repository/org/codehaus/plexus/plexus-velocity/1.2/plexus-velocity-1.2.jar:/Users/chientd2.jits/.m2/repository/org/apache/velocity/velocity/1.7/velocity-1.7.jar:/Users/chientd2.jits/.m2/repository/org/apache/velocity/velocity-tools/2.0/velocity-tools-2.0.jar:/Users/chientd2.jits/.m2/repository/oro/oro/2.0.8/oro-2.0.8.jar:/Users/chientd2.jits/.m2/repository/org/apache/maven/doxia/doxia-integration-tools/1.11.1/doxia-integration-tools-1.11.1.jar:/Users/chientd2.jits/.m2/repository/org/apache/maven/maven-model/2.2.1/maven-model-2.2.1.jar:/Users/chientd2.jits/.m2/repository/org/codehaus/plexus/plexus-interpolation/1.26/plexus-interpolation-1.26.jar:/Users/chientd2.jits/.m2/repository/commons-beanutils/commons-beanutils/1.9.4/commons-beanutils-1.9.4.jar:/Users/chientd2.jits/.m2/repository/commons-chain/commons-chain/1.2/commons-chain-1.2.jar:/Users/chientd2.jits/.m2/repository/commons-codec/commons-codec/1.15/commons-codec-1.15.jar:/Users/chientd2.jits/.m2/repository/commons-collections/commons-collections/3.2.2/commons-collections-3.2.2.jar:/Users/chientd2.jits/.m2/repository/commons-digester/commons-digester/2.1/commons-digester-2.1.jar:/Users/chientd2.jits/.m2/repository/commons-io/commons-io/2.13.0/commons-io-2.13.0.jar:/Users/chientd2.jits/.m2/repository/commons-lang/commons-lang/2.6/commons-lang-2.6.jar:/Users/chientd2.jits/.m2/repository/org/apache/commons/commons-lang3/3.12.0/commons-lang3-3.12.0.jar:/Users/chientd2.jits/.m2/repository/org/codehaus/plexus/plexus-resources/1.2.0/plexus-resources-1.2.0.jar:/Users/chientd2.jits/.m2/repository/javax/inject/javax.inject/1/javax.inject-1.jar:/Users/chientd2.jits/.m2/repository/org/codehaus/plexus/plexus-utils/3.5.1/plexus-utils-3.5.1.jar:"/>
    <property name="java.vm.vendor" value="Amazon.com Inc."/>
    <property name="sun.arch.data.model" value="64"/>
    <property name="sun.font.fontmanager" value="sun.font.CFontManager"/>
    <property name="java.vendor.url" value="https://aws.amazon.com/corretto/"/>
    <property name="user.timezone" value="Asia/Ho_Chi_Minh"/>
    <property name="os.name" value="Mac OS X"/>
    <property name="java.vm.specification.version" value="17"/>
    <property name="sun.java.launcher" value="SUN_STANDARD"/>
    <property name="user.country" value="VN"/>
    <property name="sun.boot.library.path" value="/Users/chientd2.jits/Library/Java/JavaVirtualMachines/corretto-17.0.7/Contents/Home/lib"/>
    <property name="sun.java.command" value="org.apache.maven.surefire.booter.ForkedBooter /Users/chientd2.jits/Downloads/cd0384-java-application-deployment-projectstarter-master/starter/catpoint-parent/SecurityService/target/surefire 2023-07-20T23-42-32_527-jvmRun1 surefire5772316723778884352tmp surefire_07818265728469178362tmp"/>
    <property name="http.nonProxyHosts" value="local|*.local|169.254/16|*.169.254/16"/>
    <property name="jdk.debug" value="release"/>
    <property name="surefire.test.class.path" value="/Users/chientd2.jits/Downloads/cd0384-java-application-deployment-projectstarter-master/starter/catpoint-parent/SecurityService/target/test-classes:/Users/chientd2.jits/.m2/repository/com/google/guava/failureaccess/1.0.1/failureaccess-1.0.1.jar:/Users/chientd2.jits/.m2/repository/com/google/guava/listenablefuture/9999.0-empty-to-avoid-conflict-with-guava/listenablefuture-9999.0-empty-to-avoid-conflict-with-guava.jar:/Users/chientd2.jits/.m2/repository/com/google/code/findbugs/jsr305/3.0.2/jsr305-3.0.2.jar:/Users/chientd2.jits/.m2/repository/org/checkerframework/checker-qual/3.12.0/checker-qual-3.12.0.jar:/Users/chientd2.jits/.m2/repository/com/google/errorprone/error_prone_annotations/2.11.0/error_prone_annotations-2.11.0.jar:/Users/chientd2.jits/.m2/repository/com/google/j2objc/j2objc-annotations/1.3/j2objc-annotations-1.3.jar:/Users/chientd2.jits/.m2/repository/org/junit/jupiter/junit-jupiter-engine/5.9.2/junit-jupiter-engine-5.9.2.jar:/Users/chientd2.jits/.m2/repository/org/junit/platform/junit-platform-engine/1.9.2/junit-platform-engine-1.9.2.jar:/Users/chientd2.jits/.m2/repository/org/apiguardian/apiguardian-api/1.1.2/apiguardian-api-1.1.2.jar:/Users/chientd2.jits/.m2/repository/software/amazon/awssdk/aws-json-protocol/2.20.69/aws-json-protocol-2.20.69.jar:/Users/chientd2.jits/.m2/repository/software/amazon/awssdk/third-party-jackson-core/2.20.69/third-party-jackson-core-2.20.69.jar:/Users/chientd2.jits/.m2/repository/software/amazon/awssdk/protocol-core/2.20.69/protocol-core-2.20.69.jar:/Users/chientd2.jits/.m2/repository/org/reactivestreams/reactive-streams/1.0.3/reactive-streams-1.0.3.jar:/Users/chientd2.jits/.m2/repository/software/amazon/awssdk/http-client-spi/2.20.69/http-client-spi-2.20.69.jar:/Users/chientd2.jits/.m2/repository/software/amazon/awssdk/annotations/2.20.69/annotations-2.20.69.jar:/Users/chientd2.jits/.m2/repository/software/amazon/awssdk/utils/2.20.69/utils-2.20.69.jar:/Users/chientd2.jits/.m2/repository/software/amazon/awssdk/aws-core/2.20.69/aws-core-2.20.69.jar:/Users/chientd2.jits/.m2/repository/software/amazon/awssdk/metrics-spi/2.20.69/metrics-spi-2.20.69.jar:/Users/chientd2.jits/.m2/repository/software/amazon/awssdk/json-utils/2.20.69/json-utils-2.20.69.jar:/Users/chientd2.jits/.m2/repository/software/amazon/awssdk/endpoints-spi/2.20.69/endpoints-spi-2.20.69.jar:/Users/chientd2.jits/.m2/repository/software/amazon/awssdk/apache-client/2.20.69/apache-client-2.20.69.jar:/Users/chientd2.jits/.m2/repository/software/amazon/awssdk/netty-nio-client/2.20.69/netty-nio-client-2.20.69.jar:/Users/chientd2.jits/.m2/repository/io/netty/netty-codec-http/4.1.86.Final/netty-codec-http-4.1.86.Final.jar:/Users/chientd2.jits/.m2/repository/io/netty/netty-codec-http2/4.1.86.Final/netty-codec-http2-4.1.86.Final.jar:/Users/chientd2.jits/.m2/repository/io/netty/netty-codec/4.1.86.Final/netty-codec-4.1.86.Final.jar:/Users/chientd2.jits/.m2/repository/io/netty/netty-transport/4.1.86.Final/netty-transport-4.1.86.Final.jar:/Users/chientd2.jits/.m2/repository/io/netty/netty-resolver/4.1.86.Final/netty-resolver-4.1.86.Final.jar:/Users/chientd2.jits/.m2/repository/io/netty/netty-common/4.1.86.Final/netty-common-4.1.86.Final.jar:/Users/chientd2.jits/.m2/repository/io/netty/netty-buffer/4.1.86.Final/netty-buffer-4.1.86.Final.jar:/Users/chientd2.jits/.m2/repository/io/netty/netty-handler/4.1.86.Final/netty-handler-4.1.86.Final.jar:/Users/chientd2.jits/.m2/repository/io/netty/netty-transport-native-unix-common/4.1.86.Final/netty-transport-native-unix-common-4.1.86.Final.jar:/Users/chientd2.jits/.m2/repository/io/netty/netty-transport-classes-epoll/4.1.86.Final/netty-transport-classes-epoll-4.1.86.Final.jar:/Users/chientd2.jits/.m2/repository/software/amazon/awssdk/profiles/2.20.69/profiles-2.20.69.jar:/Users/chientd2.jits/.m2/repository/software/amazon/eventstream/eventstream/1.0.1/eventstream-1.0.1.jar:/Users/chientd2.jits/.m2/repository/org/junit/jupiter/junit-jupiter-api/5.9.2/junit-jupiter-api-5.9.2.jar:/Users/chientd2.jits/.m2/repository/org/opentest4j/opentest4j/1.2.0/opentest4j-1.2.0.jar:/Users/chientd2.jits/.m2/repository/org/junit/platform/junit-platform-commons/1.9.2/junit-platform-commons-1.9.2.jar:/Users/chientd2.jits/.m2/repository/org/junit/jupiter/junit-jupiter-params/5.9.2/junit-jupiter-params-5.9.2.jar:/Users/chientd2.jits/.m2/repository/org/mockito/mockito-junit-jupiter/5.2.0/mockito-junit-jupiter-5.2.0.jar:/Users/chientd2.jits/.m2/repository/org/mockito/mockito-core/5.2.0/mockito-core-5.2.0.jar:/Users/chientd2.jits/.m2/repository/net/bytebuddy/byte-buddy/1.14.1/byte-buddy-1.14.1.jar:/Users/chientd2.jits/.m2/repository/net/bytebuddy/byte-buddy-agent/1.14.1/byte-buddy-agent-1.14.1.jar:/Users/chientd2.jits/.m2/repository/org/objenesis/objenesis/3.3/objenesis-3.3.jar:/Users/chientd2.jits/.m2/repository/com/github/spotbugs/spotbugs-maven-plugin/4.7.3.5/spotbugs-maven-plugin-4.7.3.5.jar:/Users/chientd2.jits/.m2/repository/com/github/spotbugs/spotbugs/4.7.3/spotbugs-4.7.3.jar:/Users/chientd2.jits/.m2/repository/net/jcip/jcip-annotations/1.0/jcip-annotations-1.0.jar:/Users/chientd2.jits/.m2/repository/org/dom4j/dom4j/2.1.3/dom4j-2.1.3.jar:/Users/chientd2.jits/.m2/repository/org/apache/commons/commons-text/1.10.0/commons-text-1.10.0.jar:/Users/chientd2.jits/.m2/repository/com/github/spotbugs/spotbugs-annotations/4.7.3/spotbugs-annotations-4.7.3.jar:/Users/chientd2.jits/.m2/repository/net/sf/saxon/Saxon-HE/11.4/Saxon-HE-11.4.jar:/Users/chientd2.jits/.m2/repository/org/xmlresolver/xmlresolver/4.4.3/xmlresolver-4.4.3.jar:/Users/chientd2.jits/.m2/repository/org/apache/httpcomponents/client5/httpclient5/5.1.3/httpclient5-5.1.3.jar:/Users/chientd2.jits/.m2/repository/org/apache/httpcomponents/core5/httpcore5-h2/5.1.3/httpcore5-h2-5.1.3.jar:/Users/chientd2.jits/.m2/repository/org/apache/httpcomponents/core5/httpcore5/5.1.3/httpcore5-5.1.3.jar:/Users/chientd2.jits/.m2/repository/xml-apis/xml-apis/1.4.01/xml-apis-1.4.01.jar:/Users/chientd2.jits/.m2/repository/org/xmlresolver/xmlresolver/4.4.3/xmlresolver-4.4.3-data.jar:/Users/chientd2.jits/.m2/repository/org/apache/logging/log4j/log4j-core/2.19.0/log4j-core-2.19.0.jar:/Users/chientd2.jits/.m2/repository/org/apache/logging/log4j/log4j-api/2.19.0/log4j-api-2.19.0.jar:/Users/chientd2.jits/.m2/repository/org/slf4j/jcl-over-slf4j/2.0.7/jcl-over-slf4j-2.0.7.jar:/Users/chientd2.jits/.m2/repository/org/slf4j/slf4j-simple/2.0.7/slf4j-simple-2.0.7.jar:/Users/chientd2.jits/.m2/repository/org/ow2/asm/asm/9.5/asm-9.5.jar:/Users/chientd2.jits/.m2/repository/org/ow2/asm/asm-analysis/9.5/asm-analysis-9.5.jar:/Users/chientd2.jits/.m2/repository/org/ow2/asm/asm-commons/9.5/asm-commons-9.5.jar:/Users/chientd2.jits/.m2/repository/org/ow2/asm/asm-tree/9.5/asm-tree-9.5.jar:/Users/chientd2.jits/.m2/repository/org/ow2/asm/asm-util/9.5/asm-util-9.5.jar:/Users/chientd2.jits/.m2/repository/org/apache/bcel/bcel/6.6.1/bcel-6.6.1.jar:/Users/chientd2.jits/.m2/repository/org/apache/ant/ant/1.10.13/ant-1.10.13.jar:/Users/chientd2.jits/.m2/repository/org/apache/ant/ant-launcher/1.10.13/ant-launcher-1.10.13.jar:/Users/chientd2.jits/.m2/repository/org/apache/groovy/groovy/4.0.12/groovy-4.0.12.jar:/Users/chientd2.jits/.m2/repository/org/apache/groovy/groovy-ant/4.0.12/groovy-ant-4.0.12.jar:/Users/chientd2.jits/.m2/repository/org/apache/groovy/groovy-groovydoc/4.0.12/groovy-groovydoc-4.0.12.jar:/Users/chientd2.jits/.m2/repository/org/apache/groovy/groovy-dateutil/4.0.12/groovy-dateutil-4.0.12.jar:/Users/chientd2.jits/.m2/repository/org/apache/groovy/groovy-docgenerator/4.0.12/groovy-docgenerator-4.0.12.jar:/Users/chientd2.jits/.m2/repository/com/thoughtworks/qdox/qdox/1.12.1/qdox-1.12.1.jar:/Users/chientd2.jits/.m2/repository/org/apache/groovy/groovy-json/4.0.12/groovy-json-4.0.12.jar:/Users/chientd2.jits/.m2/repository/org/apache/groovy/groovy-templates/4.0.12/groovy-templates-4.0.12.jar:/Users/chientd2.jits/.m2/repository/org/apache/groovy/groovy-xml/4.0.12/groovy-xml-4.0.12.jar:/Users/chientd2.jits/.m2/repository/com/github/javaparser/javaparser-core/3.25.3/javaparser-core-3.25.3.jar:/Users/chientd2.jits/.m2/repository/jaxen/jaxen/2.0.0/jaxen-2.0.0.jar:/Users/chientd2.jits/.m2/repository/org/apache/maven/reporting/maven-reporting-impl/3.2.0/maven-reporting-impl-3.2.0.jar:/Users/chientd2.jits/.m2/repository/org/apache/maven/maven-core/3.1.0/maven-core-3.1.0.jar:/Users/chientd2.jits/.m2/repository/org/apache/maven/maven-settings/3.1.0/maven-settings-3.1.0.jar:/Users/chientd2.jits/.m2/repository/org/apache/maven/maven-settings-builder/3.1.0/maven-settings-builder-3.1.0.jar:/Users/chientd2.jits/.m2/repository/org/apache/maven/maven-repository-metadata/3.1.0/maven-repository-metadata-3.1.0.jar:/Users/chientd2.jits/.m2/repository/org/apache/maven/maven-model-builder/3.1.0/maven-model-builder-3.1.0.jar:/Users/chientd2.jits/.m2/repository/org/apache/maven/maven-aether-provider/3.1.0/maven-aether-provider-3.1.0.jar:/Users/chientd2.jits/.m2/repository/org/eclipse/aether/aether-spi/0.9.0.M2/aether-spi-0.9.0.M2.jar:/Users/chientd2.jits/.m2/repository/org/eclipse/aether/aether-impl/0.9.0.M2/aether-impl-0.9.0.M2.jar:/Users/chientd2.jits/.m2/repository/org/eclipse/aether/aether-api/0.9.0.M2/aether-api-0.9.0.M2.jar:/Users/chientd2.jits/.m2/repository/org/eclipse/aether/aether-util/0.9.0.M2/aether-util-0.9.0.M2.jar:/Users/chientd2.jits/.m2/repository/org/eclipse/sisu/org.eclipse.sisu.plexus/0.0.0.M2a/org.eclipse.sisu.plexus-0.0.0.M2a.jar:/Users/chientd2.jits/.m2/repository/javax/enterprise/cdi-api/1.0/cdi-api-1.0.jar:/Users/chientd2.jits/.m2/repository/javax/annotation/jsr250-api/1.0/jsr250-api-1.0.jar:/Users/chientd2.jits/.m2/repository/org/sonatype/sisu/sisu-guice/3.1.0/sisu-guice-3.1.0-no_aop.jar:/Users/chientd2.jits/.m2/repository/aopalliance/aopalliance/1.0/aopalliance-1.0.jar:/Users/chientd2.jits/.m2/repository/org/eclipse/sisu/org.eclipse.sisu.inject/0.0.0.M2a/org.eclipse.sisu.inject-0.0.0.M2a.jar:/Users/chientd2.jits/.m2/repository/asm/asm/3.3.1/asm-3.3.1.jar:/Users/chientd2.jits/.m2/repository/org/codehaus/plexus/plexus-classworlds/2.4.2/plexus-classworlds-2.4.2.jar:/Users/chientd2.jits/.m2/repository/org/sonatype/plexus/plexus-sec-dispatcher/1.3/plexus-sec-dispatcher-1.3.jar:/Users/chientd2.jits/.m2/repository/org/sonatype/plexus/plexus-cipher/1.4/plexus-cipher-1.4.jar:/Users/chientd2.jits/.m2/repository/org/apache/maven/maven-artifact/3.1.0/maven-artifact-3.1.0.jar:/Users/chientd2.jits/.m2/repository/org/apache/maven/maven-plugin-api/3.1.0/maven-plugin-api-3.1.0.jar:/Users/chientd2.jits/.m2/repository/org/apache/maven/reporting/maven-reporting-api/3.1.1/maven-reporting-api-3.1.1.jar:/Users/chientd2.jits/.m2/repository/org/apache/maven/shared/maven-artifact-transfer/0.13.1/maven-artifact-transfer-0.13.1.jar:/Users/chientd2.jits/.m2/repository/org/codehaus/plexus/plexus-component-annotations/2.0.0/plexus-component-annotations-2.0.0.jar:/Users/chientd2.jits/.m2/repository/org/apache/maven/shared/maven-common-artifact-filters/3.3.2/maven-common-artifact-filters-3.3.2.jar:/Users/chientd2.jits/.m2/repository/org/apache/maven/shared/maven-shared-utils/3.4.2/maven-shared-utils-3.4.2.jar:/Users/chientd2.jits/.m2/repository/org/apache/maven/doxia/doxia-core/1.12.0/doxia-core-1.12.0.jar:/Users/chientd2.jits/.m2/repository/org/apache/maven/doxia/doxia-logging-api/1.12.0/doxia-logging-api-1.12.0.jar:/Users/chientd2.jits/.m2/repository/org/apache/httpcomponents/httpclient/4.5.13/httpclient-4.5.13.jar:/Users/chientd2.jits/.m2/repository/org/apache/httpcomponents/httpcore/4.4.14/httpcore-4.4.14.jar:/Users/chientd2.jits/.m2/repository/org/apache/maven/doxia/doxia-sink-api/1.12.0/doxia-sink-api-1.12.0.jar:/Users/chientd2.jits/.m2/repository/org/apache/maven/doxia/doxia-decoration-model/1.11.1/doxia-decoration-model-1.11.1.jar:/Users/chientd2.jits/.m2/repository/org/apache/maven/doxia/doxia-site-renderer/1.11.1/doxia-site-renderer-1.11.1.jar:/Users/chientd2.jits/.m2/repository/org/apache/maven/doxia/doxia-skin-model/1.11.1/doxia-skin-model-1.11.1.jar:/Users/chientd2.jits/.m2/repository/org/apache/maven/doxia/doxia-module-xhtml/1.11.1/doxia-module-xhtml-1.11.1.jar:/Users/chientd2.jits/.m2/repository/org/apache/maven/doxia/doxia-module-xhtml5/1.11.1/doxia-module-xhtml5-1.11.1.jar:/Users/chientd2.jits/.m2/repository/org/codehaus/plexus/plexus-i18n/1.0-beta-10/plexus-i18n-1.0-beta-10.jar:/Users/chientd2.jits/.m2/repository/org/codehaus/plexus/plexus-velocity/1.2/plexus-velocity-1.2.jar:/Users/chientd2.jits/.m2/repository/org/apache/velocity/velocity/1.7/velocity-1.7.jar:/Users/chientd2.jits/.m2/repository/org/apache/velocity/velocity-tools/2.0/velocity-tools-2.0.jar:/Users/chientd2.jits/.m2/repository/oro/oro/2.0.8/oro-2.0.8.jar:/Users/chientd2.jits/.m2/repository/org/apache/maven/doxia/doxia-integration-tools/1.11.1/doxia-integration-tools-1.11.1.jar:/Users/chientd2.jits/.m2/repository/org/apache/maven/maven-model/2.2.1/maven-model-2.2.1.jar:/Users/chientd2.jits/.m2/repository/org/codehaus/plexus/plexus-interpolation/1.26/plexus-interpolation-1.26.jar:/Users/chientd2.jits/.m2/repository/commons-beanutils/commons-beanutils/1.9.4/commons-beanutils-1.9.4.jar:/Users/chientd2.jits/.m2/repository/commons-chain/commons-chain/1.2/commons-chain-1.2.jar:/Users/chientd2.jits/.m2/repository/commons-codec/commons-codec/1.15/commons-codec-1.15.jar:/Users/chientd2.jits/.m2/repository/commons-collections/commons-collections/3.2.2/commons-collections-3.2.2.jar:/Users/chientd2.jits/.m2/repository/commons-digester/commons-digester/2.1/commons-digester-2.1.jar:/Users/chientd2.jits/.m2/repository/commons-io/commons-io/2.13.0/commons-io-2.13.0.jar:/Users/chientd2.jits/.m2/repository/commons-lang/commons-lang/2.6/commons-lang-2.6.jar:/Users/chientd2.jits/.m2/repository/org/apache/commons/commons-lang3/3.12.0/commons-lang3-3.12.0.jar:/Users/chientd2.jits/.m2/repository/org/codehaus/plexus/plexus-resources/1.2.0/plexus-resources-1.2.0.jar:/Users/chientd2.jits/.m2/repository/javax/inject/javax.inject/1/javax.inject-1.jar:/Users/chientd2.jits/.m2/repository/org/codehaus/plexus/plexus-utils/3.5.1/plexus-utils-3.5.1.jar:"/>
    <property name="sun.cpu.endian" value="little"/>
    <property name="user.home" value="/Users/chientd2.jits"/>
    <property name="user.language" value="en"/>
    <property name="java.specification.vendor" value="Oracle Corporation"/>
    <property name="jdk.module.path" value="/Users/chientd2.jits/Downloads/cd0384-java-application-deployment-projectstarter-master/starter/catpoint-parent/SecurityService/target/classes:/Users/chientd2.jits/.m2/repository/com/google/guava/guava/31.1-jre/guava-31.1-jre.jar:/Users/chientd2.jits/.m2/repository/com/miglayout/miglayout/3.7.4/miglayout-3.7.4.jar:/Users/chientd2.jits/.m2/repository/com/google/code/gson/gson/2.10.1/gson-2.10.1.jar:/Users/chientd2.jits/Downloads/cd0384-java-application-deployment-projectstarter-master/starter/catpoint-parent/ImageService/target/ImageService-1.0-SNAPSHOT.jar:/Users/chientd2.jits/.m2/repository/software/amazon/awssdk/rekognition/2.20.69/rekognition-2.20.69.jar:/Users/chientd2.jits/.m2/repository/software/amazon/awssdk/sdk-core/2.20.69/sdk-core-2.20.69.jar:/Users/chientd2.jits/.m2/repository/software/amazon/awssdk/regions/2.20.69/regions-2.20.69.jar:/Users/chientd2.jits/.m2/repository/software/amazon/awssdk/auth/2.20.69/auth-2.20.69.jar:/Users/chientd2.jits/.m2/repository/org/slf4j/slf4j-api/2.0.7/slf4j-api-2.0.7.jar"/>
    <property name="java.version.date" value="2023-04-18"/>
    <property name="java.home" value="/Users/chientd2.jits/Library/Java/JavaVirtualMachines/corretto-17.0.7/Contents/Home"/>
    <property name="file.separator" value="/"/>
    <property name="basedir" value="/Users/chientd2.jits/Downloads/cd0384-java-application-deployment-projectstarter-master/starter/catpoint-parent/SecurityService"/>
    <property name="java.vm.compressedOopsMode" value="Zero based"/>
    <property name="line.separator" value="&#10;"/>
    <property name="java.vm.specification.vendor" value="Oracle Corporation"/>
    <property name="java.specification.name" value="Java Platform API Specification"/>
    <property name="surefire.real.class.path" value="/Users/chientd2.jits/.m2/repository/org/apache/maven/surefire/surefire-booter/3.0.0-M5/surefire-booter-3.0.0-M5.jar:/Users/chientd2.jits/.m2/repository/org/apache/maven/surefire/surefire-api/3.0.0-M5/surefire-api-3.0.0-M5.jar:/Users/chientd2.jits/.m2/repository/org/apache/maven/surefire/surefire-logger-api/3.0.0-M5/surefire-logger-api-3.0.0-M5.jar:/Users/chientd2.jits/.m2/repository/org/apache/maven/surefire/surefire-shared-utils/3.0.0-M4/surefire-shared-utils-3.0.0-M4.jar:/Users/chientd2.jits/.m2/repository/org/apache/maven/surefire/surefire-extensions-spi/3.0.0-M5/surefire-extensions-spi-3.0.0-M5.jar:/Users/chientd2.jits/Downloads/cd0384-java-application-deployment-projectstarter-master/starter/catpoint-parent/SecurityService/target/test-classes:/Users/chientd2.jits/.m2/repository/com/google/guava/failureaccess/1.0.1/failureaccess-1.0.1.jar:/Users/chientd2.jits/.m2/repository/com/google/guava/listenablefuture/9999.0-empty-to-avoid-conflict-with-guava/listenablefuture-9999.0-empty-to-avoid-conflict-with-guava.jar:/Users/chientd2.jits/.m2/repository/com/google/code/findbugs/jsr305/3.0.2/jsr305-3.0.2.jar:/Users/chientd2.jits/.m2/repository/org/checkerframework/checker-qual/3.12.0/checker-qual-3.12.0.jar:/Users/chientd2.jits/.m2/repository/com/google/errorprone/error_prone_annotations/2.11.0/error_prone_annotations-2.11.0.jar:/Users/chientd2.jits/.m2/repository/com/google/j2objc/j2objc-annotations/1.3/j2objc-annotations-1.3.jar:/Users/chientd2.jits/.m2/repository/org/junit/jupiter/junit-jupiter-engine/5.9.2/junit-jupiter-engine-5.9.2.jar:/Users/chientd2.jits/.m2/repository/org/junit/platform/junit-platform-engine/1.9.2/junit-platform-engine-1.9.2.jar:/Users/chientd2.jits/.m2/repository/org/apiguardian/apiguardian-api/1.1.2/apiguardian-api-1.1.2.jar:/Users/chientd2.jits/.m2/repository/software/amazon/awssdk/aws-json-protocol/2.20.69/aws-json-protocol-2.20.69.jar:/Users/chientd2.jits/.m2/repository/software/amazon/awssdk/third-party-jackson-core/2.20.69/third-party-jackson-core-2.20.69.jar:/Users/chientd2.jits/.m2/repository/software/amazon/awssdk/protocol-core/2.20.69/protocol-core-2.20.69.jar:/Users/chientd2.jits/.m2/repository/org/reactivestreams/reactive-streams/1.0.3/reactive-streams-1.0.3.jar:/Users/chientd2.jits/.m2/repository/software/amazon/awssdk/http-client-spi/2.20.69/http-client-spi-2.20.69.jar:/Users/chientd2.jits/.m2/repository/software/amazon/awssdk/annotations/2.20.69/annotations-2.20.69.jar:/Users/chientd2.jits/.m2/repository/software/amazon/awssdk/utils/2.20.69/utils-2.20.69.jar:/Users/chientd2.jits/.m2/repository/software/amazon/awssdk/aws-core/2.20.69/aws-core-2.20.69.jar:/Users/chientd2.jits/.m2/repository/software/amazon/awssdk/metrics-spi/2.20.69/metrics-spi-2.20.69.jar:/Users/chientd2.jits/.m2/repository/software/amazon/awssdk/json-utils/2.20.69/json-utils-2.20.69.jar:/Users/chientd2.jits/.m2/repository/software/amazon/awssdk/endpoints-spi/2.20.69/endpoints-spi-2.20.69.jar:/Users/chientd2.jits/.m2/repository/software/amazon/awssdk/apache-client/2.20.69/apache-client-2.20.69.jar:/Users/chientd2.jits/.m2/repository/software/amazon/awssdk/netty-nio-client/2.20.69/netty-nio-client-2.20.69.jar:/Users/chientd2.jits/.m2/repository/io/netty/netty-codec-http/4.1.86.Final/netty-codec-http-4.1.86.Final.jar:/Users/chientd2.jits/.m2/repository/io/netty/netty-codec-http2/4.1.86.Final/netty-codec-http2-4.1.86.Final.jar:/Users/chientd2.jits/.m2/repository/io/netty/netty-codec/4.1.86.Final/netty-codec-4.1.86.Final.jar:/Users/chientd2.jits/.m2/repository/io/netty/netty-transport/4.1.86.Final/netty-transport-4.1.86.Final.jar:/Users/chientd2.jits/.m2/repository/io/netty/netty-resolver/4.1.86.Final/netty-resolver-4.1.86.Final.jar:/Users/chientd2.jits/.m2/repository/io/netty/netty-common/4.1.86.Final/netty-common-4.1.86.Final.jar:/Users/chientd2.jits/.m2/repository/io/netty/netty-buffer/4.1.86.Final/netty-buffer-4.1.86.Final.jar:/Users/chientd2.jits/.m2/repository/io/netty/netty-handler/4.1.86.Final/netty-handler-4.1.86.Final.jar:/Users/chientd2.jits/.m2/repository/io/netty/netty-transport-native-unix-common/4.1.86.Final/netty-transport-native-unix-common-4.1.86.Final.jar:/Users/chientd2.jits/.m2/repository/io/netty/netty-transport-classes-epoll/4.1.86.Final/netty-transport-classes-epoll-4.1.86.Final.jar:/Users/chientd2.jits/.m2/repository/software/amazon/awssdk/profiles/2.20.69/profiles-2.20.69.jar:/Users/chientd2.jits/.m2/repository/software/amazon/eventstream/eventstream/1.0.1/eventstream-1.0.1.jar:/Users/chientd2.jits/.m2/repository/org/junit/jupiter/junit-jupiter-api/5.9.2/junit-jupiter-api-5.9.2.jar:/Users/chientd2.jits/.m2/repository/org/opentest4j/opentest4j/1.2.0/opentest4j-1.2.0.jar:/Users/chientd2.jits/.m2/repository/org/junit/platform/junit-platform-commons/1.9.2/junit-platform-commons-1.9.2.jar:/Users/chientd2.jits/.m2/repository/org/junit/jupiter/junit-jupiter-params/5.9.2/junit-jupiter-params-5.9.2.jar:/Users/chientd2.jits/.m2/repository/org/mockito/mockito-junit-jupiter/5.2.0/mockito-junit-jupiter-5.2.0.jar:/Users/chientd2.jits/.m2/repository/org/mockito/mockito-core/5.2.0/mockito-core-5.2.0.jar:/Users/chientd2.jits/.m2/repository/net/bytebuddy/byte-buddy/1.14.1/byte-buddy-1.14.1.jar:/Users/chientd2.jits/.m2/repository/net/bytebuddy/byte-buddy-agent/1.14.1/byte-buddy-agent-1.14.1.jar:/Users/chientd2.jits/.m2/repository/org/objenesis/objenesis/3.3/objenesis-3.3.jar:/Users/chientd2.jits/.m2/repository/com/github/spotbugs/spotbugs-maven-plugin/4.7.3.5/spotbugs-maven-plugin-4.7.3.5.jar:/Users/chientd2.jits/.m2/repository/com/github/spotbugs/spotbugs/4.7.3/spotbugs-4.7.3.jar:/Users/chientd2.jits/.m2/repository/net/jcip/jcip-annotations/1.0/jcip-annotations-1.0.jar:/Users/chientd2.jits/.m2/repository/org/dom4j/dom4j/2.1.3/dom4j-2.1.3.jar:/Users/chientd2.jits/.m2/repository/org/apache/commons/commons-text/1.10.0/commons-text-1.10.0.jar:/Users/chientd2.jits/.m2/repository/com/github/spotbugs/spotbugs-annotations/4.7.3/spotbugs-annotations-4.7.3.jar:/Users/chientd2.jits/.m2/repository/net/sf/saxon/Saxon-HE/11.4/Saxon-HE-11.4.jar:/Users/chientd2.jits/.m2/repository/org/xmlresolver/xmlresolver/4.4.3/xmlresolver-4.4.3.jar:/Users/chientd2.jits/.m2/repository/org/apache/httpcomponents/client5/httpclient5/5.1.3/httpclient5-5.1.3.jar:/Users/chientd2.jits/.m2/repository/org/apache/httpcomponents/core5/httpcore5-h2/5.1.3/httpcore5-h2-5.1.3.jar:/Users/chientd2.jits/.m2/repository/org/apache/httpcomponents/core5/httpcore5/5.1.3/httpcore5-5.1.3.jar:/Users/chientd2.jits/.m2/repository/xml-apis/xml-apis/1.4.01/xml-apis-1.4.01.jar:/Users/chientd2.jits/.m2/repository/org/xmlresolver/xmlresolver/4.4.3/xmlresolver-4.4.3-data.jar:/Users/chientd2.jits/.m2/repository/org/apache/logging/log4j/log4j-core/2.19.0/log4j-core-2.19.0.jar:/Users/chientd2.jits/.m2/repository/org/apache/logging/log4j/log4j-api/2.19.0/log4j-api-2.19.0.jar:/Users/chientd2.jits/.m2/repository/org/slf4j/jcl-over-slf4j/2.0.7/jcl-over-slf4j-2.0.7.jar:/Users/chientd2.jits/.m2/repository/org/slf4j/slf4j-simple/2.0.7/slf4j-simple-2.0.7.jar:/Users/chientd2.jits/.m2/repository/org/ow2/asm/asm/9.5/asm-9.5.jar:/Users/chientd2.jits/.m2/repository/org/ow2/asm/asm-analysis/9.5/asm-analysis-9.5.jar:/Users/chientd2.jits/.m2/repository/org/ow2/asm/asm-commons/9.5/asm-commons-9.5.jar:/Users/chientd2.jits/.m2/repository/org/ow2/asm/asm-tree/9.5/asm-tree-9.5.jar:/Users/chientd2.jits/.m2/repository/org/ow2/asm/asm-util/9.5/asm-util-9.5.jar:/Users/chientd2.jits/.m2/repository/org/apache/bcel/bcel/6.6.1/bcel-6.6.1.jar:/Users/chientd2.jits/.m2/repository/org/apache/ant/ant/1.10.13/ant-1.10.13.jar:/Users/chientd2.jits/.m2/repository/org/apache/ant/ant-launcher/1.10.13/ant-launcher-1.10.13.jar:/Users/chientd2.jits/.m2/repository/org/apache/groovy/groovy/4.0.12/groovy-4.0.12.jar:/Users/chientd2.jits/.m2/repository/org/apache/groovy/groovy-ant/4.0.12/groovy-ant-4.0.12.jar:/Users/chientd2.jits/.m2/repository/org/apache/groovy/groovy-groovydoc/4.0.12/groovy-groovydoc-4.0.12.jar:/Users/chientd2.jits/.m2/repository/org/apache/groovy/groovy-dateutil/4.0.12/groovy-dateutil-4.0.12.jar:/Users/chientd2.jits/.m2/repository/org/apache/groovy/groovy-docgenerator/4.0.12/groovy-docgenerator-4.0.12.jar:/Users/chientd2.jits/.m2/repository/com/thoughtworks/qdox/qdox/1.12.1/qdox-1.12.1.jar:/Users/chientd2.jits/.m2/repository/org/apache/groovy/groovy-json/4.0.12/groovy-json-4.0.12.jar:/Users/chientd2.jits/.m2/repository/org/apache/groovy/groovy-templates/4.0.12/groovy-templates-4.0.12.jar:/Users/chientd2.jits/.m2/repository/org/apache/groovy/groovy-xml/4.0.12/groovy-xml-4.0.12.jar:/Users/chientd2.jits/.m2/repository/com/github/javaparser/javaparser-core/3.25.3/javaparser-core-3.25.3.jar:/Users/chientd2.jits/.m2/repository/jaxen/jaxen/2.0.0/jaxen-2.0.0.jar:/Users/chientd2.jits/.m2/repository/org/apache/maven/reporting/maven-reporting-impl/3.2.0/maven-reporting-impl-3.2.0.jar:/Users/chientd2.jits/.m2/repository/org/apache/maven/maven-core/3.1.0/maven-core-3.1.0.jar:/Users/chientd2.jits/.m2/repository/org/apache/maven/maven-settings/3.1.0/maven-settings-3.1.0.jar:/Users/chientd2.jits/.m2/repository/org/apache/maven/maven-settings-builder/3.1.0/maven-settings-builder-3.1.0.jar:/Users/chientd2.jits/.m2/repository/org/apache/maven/maven-repository-metadata/3.1.0/maven-repository-metadata-3.1.0.jar:/Users/chientd2.jits/.m2/repository/org/apache/maven/maven-model-builder/3.1.0/maven-model-builder-3.1.0.jar:/Users/chientd2.jits/.m2/repository/org/apache/maven/maven-aether-provider/3.1.0/maven-aether-provider-3.1.0.jar:/Users/chientd2.jits/.m2/repository/org/eclipse/aether/aether-spi/0.9.0.M2/aether-spi-0.9.0.M2.jar:/Users/chientd2.jits/.m2/repository/org/eclipse/aether/aether-impl/0.9.0.M2/aether-impl-0.9.0.M2.jar:/Users/chientd2.jits/.m2/repository/org/eclipse/aether/aether-api/0.9.0.M2/aether-api-0.9.0.M2.jar:/Users/chientd2.jits/.m2/repository/org/eclipse/aether/aether-util/0.9.0.M2/aether-util-0.9.0.M2.jar:/Users/chientd2.jits/.m2/repository/org/eclipse/sisu/org.eclipse.sisu.plexus/0.0.0.M2a/org.eclipse.sisu.plexus-0.0.0.M2a.jar:/Users/chientd2.jits/.m2/repository/javax/enterprise/cdi-api/1.0/cdi-api-1.0.jar:/Users/chientd2.jits/.m2/repository/javax/annotation/jsr250-api/1.0/jsr250-api-1.0.jar:/Users/chientd2.jits/.m2/repository/org/sonatype/sisu/sisu-guice/3.1.0/sisu-guice-3.1.0-no_aop.jar:/Users/chientd2.jits/.m2/repository/aopalliance/aopalliance/1.0/aopalliance-1.0.jar:/Users/chientd2.jits/.m2/repository/org/eclipse/sisu/org.eclipse.sisu.inject/0.0.0.M2a/org.eclipse.sisu.inject-0.0.0.M2a.jar:/Users/chientd2.jits/.m2/repository/asm/asm/3.3.1/asm-3.3.1.jar:/Users/chientd2.jits/.m2/repository/org/codehaus/plexus/plexus-classworlds/2.4.2/plexus-classworlds-2.4.2.jar:/Users/chientd2.jits/.m2/repository/org/sonatype/plexus/plexus-sec-dispatcher/1.3/plexus-sec-dispatcher-1.3.jar:/Users/chientd2.jits/.m2/repository/org/sonatype/plexus/plexus-cipher/1.4/plexus-cipher-1.4.jar:/Users/chientd2.jits/.m2/repository/org/apache/maven/maven-artifact/3.1.0/maven-artifact-3.1.0.jar:/Users/chientd2.jits/.m2/repository/org/apache/maven/maven-plugin-api/3.1.0/maven-plugin-api-3.1.0.jar:/Users/chientd2.jits/.m2/repository/org/apache/maven/reporting/maven-reporting-api/3.1.1/maven-reporting-api-3.1.1.jar:/Users/chientd2.jits/.m2/repository/org/apache/maven/shared/maven-artifact-transfer/0.13.1/maven-artifact-transfer-0.13.1.jar:/Users/chientd2.jits/.m2/repository/org/codehaus/plexus/plexus-component-annotations/2.0.0/plexus-component-annotations-2.0.0.jar:/Users/chientd2.jits/.m2/repository/org/apache/maven/shared/maven-common-artifact-filters/3.3.2/maven-common-artifact-filters-3.3.2.jar:/Users/chientd2.jits/.m2/repository/org/apache/maven/shared/maven-shared-utils/3.4.2/maven-shared-utils-3.4.2.jar:/Users/chientd2.jits/.m2/repository/org/apache/maven/doxia/doxia-core/1.12.0/doxia-core-1.12.0.jar:/Users/chientd2.jits/.m2/repository/org/apache/maven/doxia/doxia-logging-api/1.12.0/doxia-logging-api-1.12.0.jar:/Users/chientd2.jits/.m2/repository/org/apache/httpcomponents/httpclient/4.5.13/httpclient-4.5.13.jar:/Users/chientd2.jits/.m2/repository/org/apache/httpcomponents/httpcore/4.4.14/httpcore-4.4.14.jar:/Users/chientd2.jits/.m2/repository/org/apache/maven/doxia/doxia-sink-api/1.12.0/doxia-sink-api-1.12.0.jar:/Users/chientd2.jits/.m2/repository/org/apache/maven/doxia/doxia-decoration-model/1.11.1/doxia-decoration-model-1.11.1.jar:/Users/chientd2.jits/.m2/repository/org/apache/maven/doxia/doxia-site-renderer/1.11.1/doxia-site-renderer-1.11.1.jar:/Users/chientd2.jits/.m2/repository/org/apache/maven/doxia/doxia-skin-model/1.11.1/doxia-skin-model-1.11.1.jar:/Users/chientd2.jits/.m2/repository/org/apache/maven/doxia/doxia-module-xhtml/1.11.1/doxia-module-xhtml-1.11.1.jar:/Users/chientd2.jits/.m2/repository/org/apache/maven/doxia/doxia-module-xhtml5/1.11.1/doxia-module-xhtml5-1.11.1.jar:/Users/chientd2.jits/.m2/repository/org/codehaus/plexus/plexus-i18n/1.0-beta-10/plexus-i18n-1.0-beta-10.jar:/Users/chientd2.jits/.m2/repository/org/codehaus/plexus/plexus-velocity/1.2/plexus-velocity-1.2.jar:/Users/chientd2.jits/.m2/repository/org/apache/velocity/velocity/1.7/velocity-1.7.jar:/Users/chientd2.jits/.m2/repository/org/apache/velocity/velocity-tools/2.0/velocity-tools-2.0.jar:/Users/chientd2.jits/.m2/repository/oro/oro/2.0.8/oro-2.0.8.jar:/Users/chientd2.jits/.m2/repository/org/apache/maven/doxia/doxia-integration-tools/1.11.1/doxia-integration-tools-1.11.1.jar:/Users/chientd2.jits/.m2/repository/org/apache/maven/maven-model/2.2.1/maven-model-2.2.1.jar:/Users/chientd2.jits/.m2/repository/org/codehaus/plexus/plexus-interpolation/1.26/plexus-interpolation-1.26.jar:/Users/chientd2.jits/.m2/repository/commons-beanutils/commons-beanutils/1.9.4/commons-beanutils-1.9.4.jar:/Users/chientd2.jits/.m2/repository/commons-chain/commons-chain/1.2/commons-chain-1.2.jar:/Users/chientd2.jits/.m2/repository/commons-codec/commons-codec/1.15/commons-codec-1.15.jar:/Users/chientd2.jits/.m2/repository/commons-collections/commons-collections/3.2.2/commons-collections-3.2.2.jar:/Users/chientd2.jits/.m2/repository/commons-digester/commons-digester/2.1/commons-digester-2.1.jar:/Users/chientd2.jits/.m2/repository/commons-io/commons-io/2.13.0/commons-io-2.13.0.jar:/Users/chientd2.jits/.m2/repository/commons-lang/commons-lang/2.6/commons-lang-2.6.jar:/Users/chientd2.jits/.m2/repository/org/apache/commons/commons-lang3/3.12.0/commons-lang3-3.12.0.jar:/Users/chientd2.jits/.m2/repository/org/codehaus/plexus/plexus-resources/1.2.0/plexus-resources-1.2.0.jar:/Users/chientd2.jits/.m2/repository/javax/inject/javax.inject/1/javax.inject-1.jar:/Users/chientd2.jits/.m2/repository/org/codehaus/plexus/plexus-utils/3.5.1/plexus-utils-3.5.1.jar:/Users/chientd2.jits/.m2/repository/org/apache/maven/surefire/surefire-junit-platform/3.0.0-M5/surefire-junit-platform-3.0.0-M5.jar:/Users/chientd2.jits/.m2/repository/org/apache/maven/surefire/common-java5/3.0.0-M5/common-java5-3.0.0-M5.jar:/Users/chientd2.jits/.m2/repository/org/junit/platform/junit-platform-launcher/1.9.2/junit-platform-launcher-1.9.2.jar"/>
    <property name="sun.management.compiler" value="HotSpot 64-Bit Tiered Compilers"/>
    <property name="ftp.nonProxyHosts" value="local|*.local|169.254/16|*.169.254/16"/>
    <property name="java.runtime.version" value="17.0.7+7-LTS"/>
    <property name="user.name" value="chientd2.jits"/>
    <property name="path.separator" value=":"/>
    <property name="os.version" value="12.6"/>
    <property name="java.runtime.name" value="OpenJDK Runtime Environment"/>
    <property name="file.encoding" value="UTF-8"/>
    <property name="java.vm.name" value="OpenJDK 64-Bit Server VM"/>
    <property name="java.vendor.version" value="Corretto-17.0.7.7.1"/>
    <property name="localRepository" value="/Users/chientd2.jits/.m2/repository"/>
    <property name="java.vendor.url.bug" value="https://github.com/corretto/corretto-17/issues/"/>
    <property name="java.io.tmpdir" value="/var/folders/lb/_1ql1g393hq2z5q_rkm3_m480000gn/T/"/>
    <property name="idea.version" value="2022.2.3"/>
    <property name="java.version" value="17.0.7"/>
    <property name="user.dir" value="/Users/chientd2.jits/Downloads/cd0384-java-application-deployment-projectstarter-master/starter/catpoint-parent/SecurityService"/>
    <property name="os.arch" value="aarch64"/>
    <property name="java.vm.specification.name" value="Java Virtual Machine Specification"/>
    <property name="native.encoding" value="UTF-8"/>
    <property name="java.library.path" value="/Users/chientd2.jits/Library/Java/Extensions:/Library/Java/Extensions:/Network/Library/Java/Extensions:/System/Library/Java/Extensions:/usr/lib/java:."/>
    <property name="java.vm.info" value="mixed mode"/>
    <property name="java.vendor" value="Amazon.com Inc."/>
    <property name="java.vm.version" value="17.0.7+7-LTS"/>
    <property name="sun.io.unicode.encoding" value="UnicodeBig"/>
    <property name="socksNonProxyHosts" value="local|*.local|169.254/16|*.169.254/16"/>
    <property name="java.class.version" value="61.0"/>
  </properties>
  <testcase name="when_imageServiceIdentifiesNoCatImage_changeStatusToNoAlarmAsLongSensorsNotActive" classname="com.udacity.catpoint.security.service.SecurityServiceTest" time="0.588"/>
  <testcase name="when_SensorActivatedWhileActiveAndPendingAlarm_changeStatusToAlarm" classname="com.udacity.catpoint.security.service.SecurityServiceTest" time="0.006"/>
  <testcase name="when_systemArmedHomeWhileImageServiceIdentifiesCat_changeStatusToAlarm" classname="com.udacity.catpoint.security.service.SecurityServiceTest" time="0.006"/>
  <testcase name="when_ImageServiceIdentifiesCatWhileAlarmArmedHome_changeStatusToAlarm" classname="com.udacity.catpoint.security.service.SecurityServiceTest" time="0.003"/>
  <testcase name="when_PendingAlarmAndAllSensorInactive_returnNoAlarmState" classname="com.udacity.catpoint.security.service.SecurityServiceTest" time="0.002"/>
  <testcase name="when_sensorDeactivatedWhileInactive_noChangesToAlarmState(AlarmStatus)[1]" classname="com.udacity.catpoint.security.service.SecurityServiceTest" time="0.011"/>
  <testcase name="when_sensorDeactivatedWhileInactive_noChangesToAlarmState(AlarmStatus)[2]" classname="com.udacity.catpoint.security.service.SecurityServiceTest" time="0.002"/>
  <testcase name="when_sensorDeactivatedWhileInactive_noChangesToAlarmState(AlarmStatus)[3]" classname="com.udacity.catpoint.security.service.SecurityServiceTest" time="0.002"/>
  <testcase name="when_SystemArmedAndSensorActivated_changeStatusToPending" classname="com.udacity.catpoint.security.service.SecurityServiceTest" time="0.002"/>
  <testcase name="when_AlarmIsActive_changeSensorShouldNotAffectAlarmState" classname="com.udacity.catpoint.security.service.SecurityServiceTest" time="0.005"/>
  <testcase name="when_systemDisarmed_setNoAlarmState" classname="com.udacity.catpoint.security.service.SecurityServiceTest" time="0.002"/>
  <testcase name="when_SystemArmedAndSensorActivatedAndPendingState_changeStatusToAlarm" classname="com.udacity.catpoint.security.service.SecurityServiceTest" time="0.002"/>
  <testcase name="when_systemArmed_resetSensorsToInactive" classname="com.udacity.catpoint.security.service.SecurityServiceTest" time="0.002"/>
</testsuite>